# JRE version: Java(TM) SE Runtime Environment (21.0.1+12) (build 21.0.1+12-LTS-29)
# Java VM: Java HotSpot(TM) 64-Bit Server VM (21.0.1+12-LTS-29, mixed mode, sharing, tiered, compressed oops, compressed class ptrs, g1 gc, windows-amd64)
GC Precious Log:
 CardTable entry size: 512
 Card Set container configuration: InlinePtr #cards 5 size 8 Array Of Cards #cards 12 size 40 Howl #buckets 4 coarsen threshold 1843 Howl Bitmap #cards 512 size 80 coarsen threshold 460 Card regions per heap region 1 cards per card region 2048
 CPUs: 8 total, 8 available
 Memory: 7975M
 Large Page Support: Disabled
 NUMA Support: Disabled
 Compressed Oops: Enabled (32-bit)
 Heap Region Size: 1M
 Heap Min Capacity: 8M
 Heap Initial Capacity: 126M
 Heap Max Capacity: 1994M
 Pre-touch: Disabled
 Parallel Workers: 8
 Concurrent Workers: 2
 Concurrent Refinement Workers: 8
 Periodic GC: Disabled
Heap:
 garbage-first heap   total 146432K, used 66749K [0x0000000083600000, 0x0000000100000000)
  region size 1024K, 19 young (19456K), 6 survivors (6144K)
 Metaspace       used 37671K, committed 38208K, reserved 1114112K
  class space    used 4339K, committed 4608K, reserved 1048576K
GC Heap History (20 events):
Event: 0.996 GC heap before
{Heap before GC invocations=1 (full 0):
 garbage-first heap   total 129024K, used 35591K [0x0000000083600000, 0x0000000100000000)
  region size 1024K, 34 young (34816K), 3 survivors (3072K)
 Metaspace       used 10993K, committed 11200K, reserved 1114112K
  class space    used 1304K, committed 1408K, reserved 1048576K
}
Event: 1.001 GC heap after
{Heap after GC invocations=2 (full 0):
 garbage-first heap   total 129024K, used 6082K [0x0000000083600000, 0x0000000100000000)
  region size 1024K, 3 young (3072K), 3 survivors (3072K)
 Metaspace       used 10993K, committed 11200K, reserved 1114112K
  class space    used 1304K, committed 1408K, reserved 1048576K
}
Event: 2.661 GC heap before
{Heap before GC invocations=2 (full 0):
 garbage-first heap   total 129024K, used 79810K [0x0000000083600000, 0x0000000100000000)
  region size 1024K, 75 young (76800K), 3 survivors (3072K)
 Metaspace       used 16274K, committed 16512K, reserved 1114112K
  class space    used 1863K, committed 1984K, reserved 1048576K
}
Event: 2.672 GC heap after
{Heap after GC invocations=3 (full 0):
 garbage-first heap   total 129024K, used 14078K [0x0000000083600000, 0x0000000100000000)
  region size 1024K, 10 young (10240K), 10 survivors (10240K)
 Metaspace       used 16274K, committed 16512K, reserved 1114112K
  class space    used 1863K, committed 1984K, reserved 1048576K
}
Event: 4.040 GC heap before
{Heap before GC invocations=3 (full 0):
 garbage-first heap   total 129024K, used 83710K [0x0000000083600000, 0x0000000100000000)
  region size 1024K, 75 young (76800K), 10 survivors (10240K)
 Metaspace       used 20647K, committed 20928K, reserved 1114112K
  class space    used 2311K, committed 2432K, reserved 1048576K
}
Event: 4.050 GC heap after
{Heap after GC invocations=4 (full 0):
 garbage-first heap   total 129024K, used 22528K [0x0000000083600000, 0x0000000100000000)
  region size 1024K, 6 young (6144K), 6 survivors (6144K)
 Metaspace       used 20647K, committed 20928K, reserved 1114112K
  class space    used 2311K, committed 2432K, reserved 1048576K
}
Event: 4.126 GC heap before
{Heap before GC invocations=4 (full 0):
 garbage-first heap   total 129024K, used 33792K [0x0000000083600000, 0x0000000100000000)
  region size 1024K, 15 young (15360K), 6 survivors (6144K)
 Metaspace       used 21259K, committed 21504K, reserved 1114112K
  class space    used 2395K, committed 2496K, reserved 1048576K
}
Event: 4.131 GC heap after
{Heap after GC invocations=5 (full 0):
 garbage-first heap   total 129024K, used 27950K [0x0000000083600000, 0x0000000100000000)
  region size 1024K, 5 young (5120K), 5 survivors (5120K)
 Metaspace       used 21259K, committed 21504K, reserved 1114112K
  class space    used 2395K, committed 2496K, reserved 1048576K
}
Event: 5.824 GC heap before
{Heap before GC invocations=6 (full 0):
 garbage-first heap   total 99328K, used 97582K [0x0000000083600000, 0x0000000100000000)
  region size 1024K, 73 young (74752K), 5 survivors (5120K)
 Metaspace       used 28602K, committed 28992K, reserved 1114112K
  class space    used 3218K, committed 3392K, reserved 1048576K
}
Event: 5.840 GC heap after
{Heap after GC invocations=7 (full 0):
 garbage-first heap   total 116736K, used 41809K [0x0000000083600000, 0x0000000100000000)
  region size 1024K, 10 young (10240K), 10 survivors (10240K)
 Metaspace       used 28602K, committed 28992K, reserved 1114112K
  class space    used 3218K, committed 3392K, reserved 1048576K
}
Event: 6.681 GC heap before
{Heap before GC invocations=7 (full 0):
 garbage-first heap   total 116736K, used 100177K [0x0000000083600000, 0x0000000100000000)
  region size 1024K, 62 young (63488K), 10 survivors (10240K)
 Metaspace       used 30729K, committed 31104K, reserved 1114112K
  class space    used 3474K, committed 3648K, reserved 1048576K
}
Event: 6.697 GC heap after
{Heap after GC invocations=8 (full 0):
 garbage-first heap   total 117760K, used 51101K [0x0000000083600000, 0x0000000100000000)
  region size 1024K, 8 young (8192K), 8 survivors (8192K)
 Metaspace       used 30729K, committed 31104K, reserved 1114112K
  class space    used 3474K, committed 3648K, reserved 1048576K
}
Event: 7.206 GC heap before
{Heap before GC invocations=8 (full 0):
 garbage-first heap   total 117760K, used 96157K [0x0000000083600000, 0x0000000100000000)
  region size 1024K, 51 young (52224K), 8 survivors (8192K)
 Metaspace       used 31703K, committed 32192K, reserved 1114112K
  class space    used 3584K, committed 3776K, reserved 1048576K
}
Event: 7.216 GC heap after
{Heap after GC invocations=9 (full 0):
 garbage-first heap   total 117760K, used 61341K [0x0000000083600000, 0x0000000100000000)
  region size 1024K, 7 young (7168K), 7 survivors (7168K)
 Metaspace       used 31703K, committed 32192K, reserved 1114112K
  class space    used 3584K, committed 3776K, reserved 1048576K
}
Event: 7.644 GC heap before
{Heap before GC invocations=9 (full 0):
 garbage-first heap   total 117760K, used 97181K [0x0000000083600000, 0x0000000100000000)
  region size 1024K, 42 young (43008K), 7 survivors (7168K)
 Metaspace       used 33744K, committed 34304K, reserved 1114112K
  class space    used 3784K, committed 4032K, reserved 1048576K
}
Event: 7.648 GC heap after
{Heap after GC invocations=10 (full 0):
 garbage-first heap   total 117760K, used 60829K [0x0000000083600000, 0x0000000100000000)
  region size 1024K, 2 young (2048K), 2 survivors (2048K)
 Metaspace       used 33744K, committed 34304K, reserved 1114112K
  class space    used 3784K, committed 4032K, reserved 1048576K
}
Event: 9.176 GC heap before
{Heap before GC invocations=11 (full 0):
 garbage-first heap   total 117760K, used 112029K [0x0000000083600000, 0x0000000100000000)
  region size 1024K, 39 young (39936K), 2 survivors (2048K)
 Metaspace       used 35847K, committed 36352K, reserved 1114112K
  class space    used 4118K, committed 4352K, reserved 1048576K
}
Event: 9.180 GC heap after
{Heap after GC invocations=12 (full 0):
 garbage-first heap   total 143360K, used 77807K [0x0000000083600000, 0x0000000100000000)
  region size 1024K, 5 young (5120K), 5 survivors (5120K)
 Metaspace       used 35847K, committed 36352K, reserved 1114112K
  class space    used 4118K, committed 4352K, reserved 1048576K
}
Event: 10.275 GC heap before
{Heap before GC invocations=12 (full 0):
 garbage-first heap   total 143360K, used 136175K [0x0000000083600000, 0x0000000100000000)
  region size 1024K, 50 young (51200K), 5 survivors (5120K)
 Metaspace       used 37553K, committed 38080K, reserved 1114112K
  class space    used 4322K, committed 4544K, reserved 1048576K
}
Event: 10.280 GC heap after
{Heap after GC invocations=13 (full 0):
 garbage-first heap   total 146432K, used 52413K [0x0000000083600000, 0x0000000100000000)
  region size 1024K, 6 young (6144K), 6 survivors (6144K)
 Metaspace       used 37553K, committed 38080K, reserved 1114112K
  class space    used 4322K, committed 4544K, reserved 1048576K
}

